proguard/seeds.txt
com.qrcode.ui.BaseActivity
com.qrcode.ui.BaseActivity: BaseActivity()
com.qrcode.ui.CaptureQRCodeActivity
com.qrcode.ui.CaptureQRCodeActivity: CaptureQRCodeActivity()
com.qrcode.ui.EncodeActivity
com.qrcode.ui.EncodeActivity: EncodeActivity()
com.qrcode.ui.MainActivity
com.qrcode.ui.MainActivity: MainActivity()
com.qrcode.ui.MainActivity: void scanQRCode(android.view.View)
com.qrcode.ui.MainActivity: void addUserModel(android.view.View)
com.qrcode.ui.SettingActivity
com.qrcode.ui.SettingActivity: SettingActivity()
com.qrcode.ui.SplashActivity
com.qrcode.ui.SplashActivity: SplashActivity()
com.qrcode.view.CornerListView
com.qrcode.view.CornerListView: CornerListView(android.content.Context)
com.qrcode.view.CornerListView: CornerListView(android.content.Context,android.util.AttributeSet,int)
com.qrcode.view.CornerListView: CornerListView(android.content.Context,android.util.AttributeSet)
...
com.google.zxing.BarcodeFormat: com.google.zxing.BarcodeFormat[] values()
com.google.zxing.BarcodeFormat: com.google.zxing.BarcodeFormat valueOf(java.lang.String)
com.google.zxing.DecodeHintType: com.google.zxing.DecodeHintType[] values()
com.google.zxing.DecodeHintType: com.google.zxing.DecodeHintType valueOf(java.lang.String)
com.google.zxing.EncodeHintType: com.google.zxing.EncodeHintType[] values()
com.google.zxing.EncodeHintType: com.google.zxing.EncodeHintType valueOf(java.lang.String)
com.google.zxing.ResultMetadataType: com.google.zxing.ResultMetadataType[] values()
com.google.zxing.ResultMetadataType: com.google.zxing.ResultMetadataType valueOf(java.lang.String)
com.google.zxing.aztec.decoder.Decoder$Table: com.google.zxing.aztec.decoder.Decoder$Table[] values()
com.google.zxing.aztec.decoder.Decoder$Table: com.google.zxing.aztec.decoder.Decoder$Table valueOf(java.lang.String)
com.google.zxing.client.android.CaptureActivityHandler$State: com.google.zxing.client.android.CaptureActivityHandler$State[] values()
com.google.zxing.client.android.CaptureActivityHandler$State: com.google.zxing.client.android.CaptureActivityHandler$State valueOf(java.lang.String)
com.google.zxing.client.android.ViewfinderView
com.google.zxing.client.android.ViewfinderView: ViewfinderView(android.content.Context,android.util.AttributeSet)
com.google.zxing.client.result.ParsedResultType: com.google.zxing.client.result.ParsedResultType[] values()
com.google.zxing.client.result.ParsedResultType: com.google.zxing.client.result.ParsedResultType valueOf(java.lang.String)
com.google.zxing.common.CharacterSetECI: com.google.zxing.common.CharacterSetECI[] values()
com.google.zxing.common.CharacterSetECI: com.google.zxing.common.CharacterSetECI valueOf(java.lang.String)
com.google.zxing.datamatrix.decoder.DecodedBitStreamParser$Mode: com.google.zxing.datamatrix.decoder.DecodedBitStreamParser$Mode[] values()
com.google.zxing.datamatrix.decoder.DecodedBitStreamParser$Mode: com.google.zxing.datamatrix.decoder.DecodedBitStreamParser$Mode valueOf(java.lang.String)
com.google.zxing.oned.rss.expanded.decoders.CurrentParsingState$State: com.google.zxing.oned.rss.expanded.decoders.CurrentParsingState$State[] values()
com.google.zxing.oned.rss.expanded.decoders.CurrentParsingState$State: com.google.zxing.oned.rss.expanded.decoders.CurrentParsingState$State valueOf(java.lang.String)
com.google.zxing.pdf417.decoder.DecodedBitStreamParser$Mode: com.google.zxing.pdf417.decoder.DecodedBitStreamParser$Mode[] values()
com.google.zxing.pdf417.decoder.DecodedBitStreamParser$Mode: com.google.zxing.pdf417.decoder.DecodedBitStreamParser$Mode valueOf(java.lang.String)
com.google.zxing.pdf417.encoder.Compaction: com.google.zxing.pdf417.encoder.Compaction[] values()
com.google.zxing.pdf417.encoder.Compaction: com.google.zxing.pdf417.encoder.Compaction valueOf(java.lang.String)
com.google.zxing.qrcode.decoder.ErrorCorrectionLevel: com.google.zxing.qrcode.decoder.ErrorCorrectionLevel[] values()
com.google.zxing.qrcode.decoder.ErrorCorrectionLevel: com.google.zxing.qrcode.decoder.ErrorCorrectionLevel valueOf(java.lang.String)
com.google.zxing.qrcode.decoder.Mode: com.google.zxing.qrcode.decoder.Mode[] values()
com.google.zxing.qrcode.decoder.Mode: com.google.zxing.qrcode.decoder.Mode valueOf(java.lang.String)