proguard/mapping.txt
com.qrcode.AppManager -> com.qrcode.a:
    java.util.Stack activityStack -> a
    com.qrcode.AppManager instance -> b
    com.qrcode.AppManager getAppManager() -> a
    void addActivity(android.app.Activity) -> a
    void finishActivity(android.app.Activity) -> b
com.qrcode.adapter.SettingListAdapter -> com.qrcode.a.a:
    android.content.Context context -> b
    java.util.List list -> c
    java.util.Map state -> a
    int getCount() -> getCount
    java.lang.Object getItem(int) -> getItem
    long getItemId(int) -> getItemId
    android.view.View getView(int,android.view.View,android.view.ViewGroup) -> getView
com.qrcode.adapter.SettingListAdapter$1 -> com.qrcode.a.b:
    com.qrcode.adapter.SettingListAdapter this$0 -> a
    int val$position -> b
    void onCheckedChanged(android.widget.CompoundButton,boolean) -> onCheckedChanged
com.qrcode.adapter.SettingListAdapter$ViewHolder -> com.qrcode.a.c:
    android.widget.TextView itemName -> a
    android.widget.CheckBox itemChecked -> b
com.qrcode.ui.BaseActivity -> com.qrcode.ui.BaseActivity:
    void onCreate(android.os.Bundle) -> onCreate
    void onDestroy() -> onDestroy
com.qrcode.ui.CaptureQRCodeActivity -> com.qrcode.ui.CaptureQRCodeActivity:
    com.google.zxing.client.android.ViewfinderView viewfinderView -> a
    com.google.zxing.client.android.camera.CameraManager cameraManager -> b
    com.google.zxing.client.android.CaptureActivityHandler handler -> c
    com.google.zxing.client.android.BeepManager beepManager -> d
    com.google.zxing.Result lastResult -> e
    com.google.zxing.Result saveResultToShow -> f
    android.widget.TextView statusView -> g
    java.util.Collection decodeFormats -> h
    java.lang.String characterSet -> i
    boolean hasSurface -> j
    com.google.zxing.client.android.ViewfinderView getViewfinderView() -> a
    android.os.Handler getHandler() -> b
    com.google.zxing.client.android.camera.CameraManager getCameraManager() -> c
    void onCreate(android.os.Bundle) -> onCreate
    void onResume() -> onResume
    void onPause() -> onPause
    void onDestroy() -> onDestroy
    void surfaceChanged(android.view.SurfaceHolder,int,int,int) -> surfaceChanged
    void surfaceCreated(android.view.SurfaceHolder) -> surfaceCreated
    void surfaceDestroyed(android.view.SurfaceHolder) -> surfaceDestroyed
    boolean onKeyDown(int,android.view.KeyEvent) -> onKeyDown
    void handleDecode(com.google.zxing.Result,android.graphics.Bitmap) -> a
    void drawLine(android.graphics.Canvas,android.graphics.Paint,com.google.zxing.ResultPoint,com.google.zxing.ResultPoint) -> a
com.qrcode.ui.CaptureQRCodeActivity$1 -> com.qrcode.ui.a:
    com.qrcode.ui.CaptureQRCodeActivity this$0 -> a
    void onClick(android.content.DialogInterface,int) -> onClick
com.qrcode.ui.CaptureQRCodeActivity$2 -> com.qrcode.ui.b:
    com.qrcode.ui.CaptureQRCodeActivity this$0 -> a
    void onCancel(android.content.DialogInterface) -> onCancel
com.qrcode.ui.CaptureQRCodeActivity$CurrentModel -> com.qrcode.ui.c:
    java.lang.String name -> a
    boolean wifi -> b
    boolean mobileData -> c
    boolean bluetooth -> d
    boolean synchro -> e
    boolean mute -> f
    boolean vibrate -> g
    boolean flightMode -> h
    boolean touch -> i
com.qrcode.ui.EncodeActivity -> com.qrcode.ui.EncodeActivity:
    com.google.zxing.client.android.encode.QRCodeEncoder qrCodeEncoder -> a
    android.widget.Button backButton -> b
    android.widget.Button savebutton -> c
    android.widget.TextView encodeTitle -> d
    android.widget.ImageView imageView -> e
    android.graphics.Bitmap bitmap -> f
    java.lang.String modelName -> g
    void onCreate(android.os.Bundle) -> onCreate
    void onResume() -> onResume
    void showErrorMessage$13462e() -> a
    java.lang.String access$0(com.qrcode.ui.EncodeActivity) -> a
    android.graphics.Bitmap access$1(com.qrcode.ui.EncodeActivity) -> b
    void access$2(com.qrcode.ui.EncodeActivity,java.lang.String,android.graphics.Bitmap) -> a
...
com.google.zxing.datamatrix.detector.Detector -> com.google.zxing.c.b.a:
    com.google.zxing.common.BitMatrix image -> a
    com.google.zxing.common.detector.WhiteRectangleDetector rectangleDetector -> b
    com.google.zxing.common.DetectorResult detect() -> a
    boolean isValid(com.google.zxing.ResultPoint) -> a
    int distance(com.google.zxing.ResultPoint,com.google.zxing.ResultPoint) -> a
    void increment(java.util.Map,com.google.zxing.ResultPoint) -> a
    com.google.zxing.common.BitMatrix sampleGrid(com.google.zxing.common.BitMatrix,com.google.zxing.ResultPoint,com.google.zxing.ResultPoint,com.google.zxing.ResultPoint,com.google.zxing.ResultPoint,int,int) -> a
    com.google.zxing.datamatrix.detector.Detector$ResultPointsAndTransitions transitionsBetween(com.google.zxing.ResultPoint,com.google.zxing.ResultPoint) -> b
com.google.zxing.datamatrix.detector.Detector$ResultPointsAndTransitions -> com.google.zxing.c.b.b:
    com.google.zxing.ResultPoint from -> a
    com.google.zxing.ResultPoint to -> b
    int transitions -> c
    com.google.zxing.ResultPoint getFrom() -> a
    com.google.zxing.ResultPoint getTo() -> b
    int getTransitions() -> c
    java.lang.String toString() -> toString
com.google.zxing.datamatrix.detector.Detector$ResultPointsAndTransitionsComparator -> com.google.zxing.c.b.c:
    int compare(java.lang.Object,java.lang.Object) -> compare
com.google.zxing.maxicode.MaxiCodeReader -> com.google.zxing.d.a:
    com.google.zxing.ResultPoint[] NO_POINTS -> a
    com.google.zxing.maxicode.decoder.Decoder decoder -> b
    com.google.zxing.Result decode(com.google.zxing.BinaryBitmap,java.util.Map) -> a
    void reset() -> a
com.google.zxing.maxicode.decoder.BitMatrixParser -> com.google.zxing.d.a.a:
    int[][] BITNR -> a
    com.google.zxing.common.BitMatrix bitMatrix -> b
    byte[] readCodewords() -> a
com.google.zxing.maxicode.decoder.DecodedBitStreamParser -> com.google.zxing.d.a.b:
    java.text.NumberFormat NINE_DIGITS -> a
    java.text.NumberFormat THREE_DIGITS -> b
    java.lang.String[] SETS -> c
    com.google.zxing.common.DecoderResult decode(byte[],int) -> a
    int getInt(byte[],byte[]) -> a
    java.lang.String getMessage(byte[],int,int) -> a
com.google.zxing.maxicode.decoder.Decoder -> com.google.zxing.d.a.c:
    com.google.zxing.common.reedsolomon.ReedSolomonDecoder rsDecoder -> a
    com.google.zxing.common.DecoderResult decode$7a1b6c9(com.google.zxing.common.BitMatrix) -> a
    void correctErrors(byte[],int,int,int,int) -> a
com.google.zxing.oned.CodaBarReader -> com.google.zxing.e.a:
    char[] ALPHABET -> a
    int[] CHARACTER_ENCODINGS -> b
    char[] STARTEND_ENCODING -> c
    java.lang.StringBuilder decodeRowResult -> d
    int[] counters -> e
    int counterLength -> f
    com.google.zxing.Result decodeRow(int,com.google.zxing.common.BitArray,java.util.Map) -> a
    void counterAppend(int) -> a
    boolean arrayContains(char[],char) -> a
    int toNarrowWidePattern(int) -> b
com.google.zxing.oned.CodaBarWriter -> com.google.zxing.e.b:
    char[] START_CHARS -> a
    char[] END_CHARS -> b
    boolean[] encode(java.lang.String) -> a
com.google.zxing.oned.Code128Reader -> com.google.zxing.e.c:
    int[][] CODE_PATTERNS -> a
    int decodeCode(com.google.zxing.common.BitArray,int[],int) -> a
    com.google.zxing.Result decodeRow(int,com.google.zxing.common.BitArray,java.util.Map) -> a
com.google.zxing.oned.Code128Writer -> com.google.zxing.e.d:
    com.google.zxing.common.BitMatrix encode(java.lang.String,com.google.zxing.BarcodeFormat,int,int,java.util.Map) -> a
    boolean[] encode(java.lang.String) -> a
    boolean isDigits(java.lang.CharSequence,int,int) -> a