proguard/usage.txt
com.qrcode.AppManager:
    33:34:public android.app.Activity currentActivity()
    38:40:public void finishActivity()
    51:56:public void finishActivity(java.lang.Class)
    59:65:public void finishAllActivity()
    69:77:public void AppExit(android.content.Context)
com.qrcode.BuildConfig
com.qrcode.PreferenceConfig
com.qrcode.R
com.qrcode.R$attr
com.qrcode.R$color
com.qrcode.R$dimen
com.qrcode.R$drawable
com.qrcode.R$id
com.qrcode.R$layout
com.qrcode.R$menu
com.qrcode.R$raw
com.qrcode.R$string
com.qrcode.R$style
com.qrcode.ui.CaptureQRCodeActivity$CurrentModel:
    boolean gps
com.qrcode.ui.EncodeActivity:
    private static final java.lang.String USE_VCARD_KEY
com.qrcode.ui.MainActivity:
    static final int MAX_COUNT
com.qrcode.ui.SettingActivity:
    private static final int PICK_APP
    public com.qrcode.utils.XmlEncryption xmlEncryption
com.qrcode.utils.GenerateXML:
    12:12:public GenerateXML()
com.qrcode.utils.ParserXML:
    18:18:public ParserXML()
com.qrcode.utils.Utils
com.qrcode.utils.XmlEncryption:
    3:3:public XmlEncryption()
...
com.google.zxing.client.result.ParsedResult:
    41:41:public final com.google.zxing.client.result.ParsedResultType getType()
com.google.zxing.client.result.ProductParsedResult:
    28:29:ProductParsedResult(java.lang.String)
    38:38:public java.lang.String getProductID()
    42:42:public java.lang.String getNormalizedProductID()
com.google.zxing.client.result.ResultParser:
    private static final java.lang.String BYTE_ORDER_MARK
    96:100:protected static void maybeAppend(java.lang.String,java.lang.StringBuilder)
    103:109:protected static void maybeAppend(java.lang.String[],java.lang.StringBuilder)
    154:158:protected static boolean isSubstringOfDigits(java.lang.CharSequence,int,int)
    162:166:protected static boolean isSubstringOfAlphaNumeric(java.lang.CharSequence,int,int)
com.google.zxing.client.result.SMSParsedResult:
    52:83:public java.lang.String getSMSURI()
    87:87:public java.lang.String[] getNumbers()
    91:91:public java.lang.String[] getVias()
    95:95:public java.lang.String getSubject()
    99:99:public java.lang.String getBody()
com.google.zxing.client.result.TelParsedResult:
    36:36:public java.lang.String getNumber()
    40:40:public java.lang.String getTelURI()
    44:44:public java.lang.String getTitle()
com.google.zxing.client.result.TextParsedResult:
    37:37:public java.lang.String getText()
    41:41:public java.lang.String getLanguage()
com.google.zxing.client.result.URIParsedResult:
    38:38:public java.lang.String getURI()
    42:42:public java.lang.String getTitle()
    54:54:public boolean isPossiblyMaliciousURI()
com.google.zxing.client.result.URIResultParser:
    private static final java.lang.String ALPHANUM_PART
com.google.zxing.client.result.WifiParsedResult:
    30:31:public WifiParsedResult(java.lang.String,java.lang.String,java.lang.String)
    42:42:public java.lang.String getSsid()
    46:46:public java.lang.String getNetworkEncryption()
    50:50:public java.lang.String getPassword()
    54:54:public boolean isHidden()
com.google.zxing.common.BitArray:
    78:79:public void flip(int)
    134:135:public void setBulk(int,int)
    144:167:public void setRange(int,int)
    288:288:public int[] getBitArray()
com.google.zxing.common.BitMatrix:
    137:144:public com.google.zxing.common.BitArray getRow(int,com.google.zxing.common.BitArray)
    152:153:public void setRow(int,com.google.zxing.common.BitArray)
com.google.zxing.common.GlobalHistogramBinarizer:
    private static final int LUMINANCE_BITS
    private static final int LUMINANCE_SHIFT
    private static final int LUMINANCE_BUCKETS
com.google.zxing.common.GridSampler:
    48:49:public static void setGridSampler(com.google.zxing.common.GridSampler)
com.google.zxing.common.HybridBinarizer:
    private static final int BLOCK_SIZE_POWER
    private static final int BLOCK_SIZE
    private static final int BLOCK_SIZE_MASK
    private static final int MINIMUM_DIMENSION
    private static final int MIN_DYNAMIC_RANGE
com.google.zxing.common.PerspectiveTransform:
    88:96:public void transformPoints(float[],float[])
com.google.zxing.common.StringUtils:
    public static final java.lang.String SHIFT_JIS
    public static final java.lang.String GB2312
    private static final java.lang.String EUC_JP
    private static final java.lang.String UTF8
    private static final java.lang.String ISO88591
    42:42:private StringUtils()
com.google.zxing.common.detector.MathUtils:
    21:22:private MathUtils()
com.google.zxing.common.detector.MonochromeRectangleDetector
com.google.zxing.common.detector.WhiteRectangleDetector:
    private static final int INIT_SIZE
    private static final int CORR
com.google.zxing.common.reedsolomon.GenericGF:
    private static final int INITIALIZATION_THRESHOLD
com.google.zxing.datamatrix.DataMatrixReader:
    59:59:public com.google.zxing.Result decode(com.google.zxing.BinaryBitmap)
com.google.zxing.datamatrix.decoder.DecodedBitStreamParser:
    79:80:private DecodedBitStreamParser()